<?xml version="1.0" encoding="UTF-8"?>
<!-- Generated by org.testng.reporters.JUnitReportReporter -->
<testsuite hostname="LAPTOP-0DN0DJQL" failures="0" tests="2" name="com.Test.Test_2" time="37.163" errors="0" timestamp="2022-10-20T20:02:03 IST" skipped="0">
  <testcase classname="com.Test.Test_2" name="test2" time="23.908"/>
  <system-out/>
  <testcase classname="com.Test.Test_2" name="test2" time="13.255"/>
  <system-out/>
</testsuite> <!-- com.Test.Test_2 -->
